{"/Users/RazonaMAC/Desktop/Razona/PROGRAMING/node.js/werewolf-gm-lib/src/core/index.js": {"path":"/Users/RazonaMAC/Desktop/Razona/PROGRAMING/node.js/werewolf-gm-lib/src/core/index.js","statementMap":{"0":{"start":{"line":30,"column":28},"end":{"line":30,"column":35}}},"fnMap":{},"branchMap":{},"s":{"0":0},"f":{},"b":{}}
,"/Users/RazonaMAC/Desktop/Razona/PROGRAMING/node.js/werewolf-gm-lib/src/core/common/index.js": {"path":"/Users/RazonaMAC/Desktop/Razona/PROGRAMING/node.js/werewolf-gm-lib/src/core/common/index.js","statementMap":{"0":{"start":{"line":10,"column":20},"end":{"line":19,"column":1}},"1":{"start":{"line":25,"column":21},"end":{"line":44,"column":1}},"2":{"start":{"line":50,"column":27},"end":{"line":61,"column":1}},"3":{"start":{"line":67,"column":25},"end":{"line":74,"column":1}},"4":{"start":{"line":80,"column":27},"end":{"line":91,"column":1}},"5":{"start":{"line":98,"column":2},"end":{"line":99,"column":48}},"6":{"start":{"line":109,"column":17},"end":{"line":109,"column":27}},"7":{"start":{"line":110,"column":2},"end":{"line":113,"column":3}},"8":{"start":{"line":110,"column":15},"end":{"line":110,"column":32}},"9":{"start":{"line":111,"column":14},"end":{"line":111,"column":46}},"10":{"start":{"line":112,"column":4},"end":{"line":112,"column":52}},"11":{"start":{"line":114,"column":2},"end":{"line":114,"column":16}},"12":{"start":{"line":123,"column":2},"end":{"line":125,"column":3}},"13":{"start":{"line":124,"column":4},"end":{"line":124,"column":15}},"14":{"start":{"line":127,"column":2},"end":{"line":129,"column":3}},"15":{"start":{"line":128,"column":4},"end":{"line":128,"column":43}},"16":{"start":{"line":128,"column":27},"end":{"line":128,"column":41}},"17":{"start":{"line":131,"column":15},"end":{"line":131,"column":17}},"18":{"start":{"line":132,"column":2},"end":{"line":136,"column":3}},"19":{"start":{"line":133,"column":4},"end":{"line":135,"column":5}},"20":{"start":{"line":134,"column":6},"end":{"line":134,"column":37}},"21":{"start":{"line":137,"column":2},"end":{"line":137,"column":14}},"22":{"start":{"line":145,"column":2},"end":{"line":145,"column":20}},"23":{"start":{"line":154,"column":14},"end":{"line":154,"column":57}},"24":{"start":{"line":156,"column":2},"end":{"line":159,"column":4}},"25":{"start":{"line":157,"column":4},"end":{"line":157,"column":44}},"26":{"start":{"line":158,"column":4},"end":{"line":158,"column":26}},"27":{"start":{"line":170,"column":17},"end":{"line":170,"column":30}},"28":{"start":{"line":172,"column":2},"end":{"line":174,"column":3}},"29":{"start":{"line":173,"column":4},"end":{"line":173,"column":18}},"30":{"start":{"line":176,"column":2},"end":{"line":184,"column":5}},"31":{"start":{"line":177,"column":4},"end":{"line":183,"column":5}},"32":{"start":{"line":180,"column":6},"end":{"line":180,"column":65}},"33":{"start":{"line":182,"column":6},"end":{"line":182,"column":32}},"34":{"start":{"line":186,"column":2},"end":{"line":186,"column":16}}},"fnMap":{"0":{"name":"generateId","decl":{"start":{"line":97,"column":16},"end":{"line":97,"column":26}},"loc":{"start":{"line":97,"column":29},"end":{"line":100,"column":1}},"line":97},"1":{"name":"shuffle","decl":{"start":{"line":108,"column":16},"end":{"line":108,"column":23}},"loc":{"start":{"line":108,"column":55},"end":{"line":115,"column":1}},"line":108},"2":{"name":"deepCopy","decl":{"start":{"line":122,"column":16},"end":{"line":122,"column":24}},"loc":{"start":{"line":122,"column":30},"end":{"line":138,"column":1}},"line":122},"3":{"name":"(anonymous_3)","decl":{"start":{"line":128,"column":19},"end":{"line":128,"column":20}},"loc":{"start":{"line":128,"column":27},"end":{"line":128,"column":41}},"line":128},"4":{"name":"getTimestamp","decl":{"start":{"line":144,"column":16},"end":{"line":144,"column":28}},"loc":{"start":{"line":144,"column":31},"end":{"line":146,"column":1}},"line":144},"5":{"name":"createRandomGenerator","decl":{"start":{"line":153,"column":16},"end":{"line":153,"column":37}},"loc":{"start":{"line":153,"column":44},"end":{"line":160,"column":1}},"line":153},"6":{"name":"(anonymous_6)","decl":{"start":{"line":156,"column":9},"end":{"line":156,"column":10}},"loc":{"start":{"line":156,"column":21},"end":{"line":159,"column":3}},"line":156},"7":{"name":"mergeObjects","decl":{"start":{"line":169,"column":16},"end":{"line":169,"column":28}},"loc":{"start":{"line":169,"column":59},"end":{"line":187,"column":1}},"line":169},"8":{"name":"(anonymous_8)","decl":{"start":{"line":176,"column":30},"end":{"line":176,"column":31}},"loc":{"start":{"line":176,"column":37},"end":{"line":184,"column":3}},"line":176}},"branchMap":{"0":{"loc":{"start":{"line":108,"column":31},"end":{"line":108,"column":53}},"type":"default-arg","locations":[{"start":{"line":108,"column":42},"end":{"line":108,"column":53}}],"line":108},"1":{"loc":{"start":{"line":123,"column":2},"end":{"line":125,"column":3}},"type":"if","locations":[{"start":{"line":123,"column":2},"end":{"line":125,"column":3}},{"start":{},"end":{}}],"line":123},"2":{"loc":{"start":{"line":123,"column":6},"end":{"line":123,"column":45}},"type":"binary-expr","locations":[{"start":{"line":123,"column":6},"end":{"line":123,"column":18}},{"start":{"line":123,"column":22},"end":{"line":123,"column":45}}],"line":123},"3":{"loc":{"start":{"line":127,"column":2},"end":{"line":129,"column":3}},"type":"if","locations":[{"start":{"line":127,"column":2},"end":{"line":129,"column":3}},{"start":{},"end":{}}],"line":127},"4":{"loc":{"start":{"line":133,"column":4},"end":{"line":135,"column":5}},"type":"if","locations":[{"start":{"line":133,"column":4},"end":{"line":135,"column":5}},{"start":{},"end":{}}],"line":133},"5":{"loc":{"start":{"line":154,"column":14},"end":{"line":154,"column":57}},"type":"binary-expr","locations":[{"start":{"line":154,"column":14},"end":{"line":154,"column":18}},{"start":{"line":154,"column":22},"end":{"line":154,"column":57}}],"line":154},"6":{"loc":{"start":{"line":169,"column":45},"end":{"line":169,"column":57}},"type":"default-arg","locations":[{"start":{"line":169,"column":52},"end":{"line":169,"column":57}}],"line":169},"7":{"loc":{"start":{"line":172,"column":2},"end":{"line":174,"column":3}},"type":"if","locations":[{"start":{"line":172,"column":2},"end":{"line":174,"column":3}},{"start":{},"end":{}}],"line":172},"8":{"loc":{"start":{"line":177,"column":4},"end":{"line":183,"column":5}},"type":"if","locations":[{"start":{"line":177,"column":4},"end":{"line":183,"column":5}},{"start":{"line":181,"column":11},"end":{"line":183,"column":5}}],"line":177},"9":{"loc":{"start":{"line":177,"column":8},"end":{"line":179,"column":57}},"type":"binary-expr","locations":[{"start":{"line":177,"column":8},"end":{"line":177,"column":12}},{"start":{"line":177,"column":16},"end":{"line":177,"column":47}},{"start":{"line":177,"column":51},"end":{"line":177,"column":78}},{"start":{"line":178,"column":6},"end":{"line":178,"column":26}},{"start":{"line":178,"column":30},"end":{"line":178,"column":61}},{"start":{"line":179,"column":6},"end":{"line":179,"column":33}},{"start":{"line":179,"column":37},"end":{"line":179,"column":57}}],"line":177}},"s":{"0":0,"1":0,"2":0,"3":0,"4":0,"5":0,"6":0,"7":0,"8":0,"9":0,"10":0,"11":0,"12":0,"13":0,"14":0,"15":0,"16":0,"17":0,"18":0,"19":0,"20":0,"21":0,"22":0,"23":0,"24":0,"25":0,"26":0,"27":0,"28":0,"29":0,"30":0,"31":0,"32":0,"33":0,"34":0},"f":{"0":0,"1":0,"2":0,"3":0,"4":0,"5":0,"6":0,"7":0,"8":0},"b":{"0":[0],"1":[0,0],"2":[0,0],"3":[0,0],"4":[0,0],"5":[0,0],"6":[0],"7":[0,0],"8":[0,0],"9":[0,0,0,0,0,0,0]}}
,"/Users/RazonaMAC/Desktop/Razona/PROGRAMING/node.js/werewolf-gm-lib/src/core/error/ErrorCatalog.js": {"path":"/Users/RazonaMAC/Desktop/Razona/PROGRAMING/node.js/werewolf-gm-lib/src/core/error/ErrorCatalog.js","statementMap":{"0":{"start":{"line":12,"column":21},"end":{"line":152,"column":1}}},"fnMap":{},"branchMap":{},"s":{"0":0},"f":{},"b":{}}
,"/Users/RazonaMAC/Desktop/Razona/PROGRAMING/node.js/werewolf-gm-lib/src/core/error/ErrorHandler.js": {"path":"/Users/RazonaMAC/Desktop/Razona/PROGRAMING/node.js/werewolf-gm-lib/src/core/error/ErrorHandler.js","statementMap":{"0":{"start":{"line":20,"column":4},"end":{"line":20,"column":19}},"1":{"start":{"line":21,"column":4},"end":{"line":21,"column":28}},"2":{"start":{"line":22,"column":4},"end":{"line":22,"column":21}},"3":{"start":{"line":23,"column":4},"end":{"line":23,"column":27}},"4":{"start":{"line":24,"column":4},"end":{"line":24,"column":27}},"5":{"start":{"line":25,"column":4},"end":{"line":25,"column":32}},"6":{"start":{"line":28,"column":4},"end":{"line":30,"column":5}},"7":{"start":{"line":29,"column":6},"end":{"line":29,"column":47}},"8":{"start":{"line":48,"column":4},"end":{"line":48,"column":21}},"9":{"start":{"line":55,"column":4},"end":{"line":55,"column":37}},"10":{"start":{"line":62,"column":4},"end":{"line":66,"column":6}},"11":{"start":{"line":73,"column":4},"end":{"line":73,"column":60}},"12":{"start":{"line":82,"column":4},"end":{"line":118,"column":6}},"13":{"start":{"line":84,"column":23},"end":{"line":84,"column":58}},"14":{"start":{"line":85,"column":8},"end":{"line":85,"column":40}},"15":{"start":{"line":89,"column":23},"end":{"line":89,"column":58}},"16":{"start":{"line":90,"column":8},"end":{"line":90,"column":40}},"17":{"start":{"line":94,"column":8},"end":{"line":94,"column":77}},"18":{"start":{"line":98,"column":8},"end":{"line":98,"column":47}},"19":{"start":{"line":102,"column":8},"end":{"line":102,"column":45}},"20":{"start":{"line":106,"column":8},"end":{"line":106,"column":62}},"21":{"start":{"line":110,"column":22},"end":{"line":110,"column":33}},"22":{"start":{"line":111,"column":8},"end":{"line":111,"column":54}},"23":{"start":{"line":115,"column":22},"end":{"line":115,"column":33}},"24":{"start":{"line":116,"column":8},"end":{"line":116,"column":68}},"25":{"start":{"line":129,"column":22},"end":{"line":129,"column":50}},"26":{"start":{"line":130,"column":4},"end":{"line":134,"column":5}},"27":{"start":{"line":132,"column":6},"end":{"line":132,"column":58}},"28":{"start":{"line":133,"column":6},"end":{"line":133,"column":57}},"29":{"start":{"line":137,"column":18},"end":{"line":143,"column":5}},"30":{"start":{"line":146,"column":18},"end":{"line":146,"column":44}},"31":{"start":{"line":149,"column":4},"end":{"line":151,"column":5}},"32":{"start":{"line":150,"column":6},"end":{"line":150,"column":68}},"33":{"start":{"line":154,"column":4},"end":{"line":156,"column":5}},"34":{"start":{"line":155,"column":6},"end":{"line":155,"column":51}},"35":{"start":{"line":159,"column":4},"end":{"line":167,"column":5}},"36":{"start":{"line":160,"column":23},"end":{"line":165,"column":7}},"37":{"start":{"line":166,"column":6},"end":{"line":166,"column":21}},"38":{"start":{"line":170,"column":4},"end":{"line":174,"column":6}},"39":{"start":{"line":183,"column":4},"end":{"line":186,"column":6}},"40":{"start":{"line":187,"column":4},"end":{"line":187,"column":28}},"41":{"start":{"line":197,"column":4},"end":{"line":222,"column":5}},"42":{"start":{"line":199,"column":6},"end":{"line":205,"column":7}},"43":{"start":{"line":200,"column":24},"end":{"line":200,"column":48}},"44":{"start":{"line":201,"column":8},"end":{"line":203,"column":9}},"45":{"start":{"line":202,"column":10},"end":{"line":202,"column":56}},"46":{"start":{"line":204,"column":8},"end":{"line":204,"column":17}},"47":{"start":{"line":208,"column":6},"end":{"line":215,"column":7}},"48":{"start":{"line":209,"column":32},"end":{"line":209,"column":56}},"49":{"start":{"line":210,"column":24},"end":{"line":210,"column":68}},"50":{"start":{"line":211,"column":8},"end":{"line":213,"column":9}},"51":{"start":{"line":212,"column":10},"end":{"line":212,"column":56}},"52":{"start":{"line":214,"column":8},"end":{"line":214,"column":17}},"53":{"start":{"line":218,"column":22},"end":{"line":218,"column":66}},"54":{"start":{"line":219,"column":6},"end":{"line":221,"column":7}},"55":{"start":{"line":220,"column":8},"end":{"line":220,"column":54}},"56":{"start":{"line":224,"column":4},"end":{"line":224,"column":29}},"57":{"start":{"line":234,"column":19},"end":{"line":234,"column":62}},"58":{"start":{"line":235,"column":21},"end":{"line":235,"column":59}},"59":{"start":{"line":236,"column":4},"end":{"line":236,"column":37}},"60":{"start":{"line":246,"column":4},"end":{"line":246,"column":78}},"61":{"start":{"line":256,"column":19},"end":{"line":256,"column":62}},"62":{"start":{"line":257,"column":21},"end":{"line":257,"column":61}},"63":{"start":{"line":258,"column":4},"end":{"line":258,"column":37}},"64":{"start":{"line":270,"column":23},"end":{"line":270,"column":58}},"65":{"start":{"line":271,"column":4},"end":{"line":274,"column":5}},"66":{"start":{"line":272,"column":6},"end":{"line":272,"column":66}},"67":{"start":{"line":273,"column":6},"end":{"line":273,"column":18}},"68":{"start":{"line":276,"column":4},"end":{"line":281,"column":5}},"69":{"start":{"line":277,"column":6},"end":{"line":277,"column":37}},"70":{"start":{"line":279,"column":6},"end":{"line":279,"column":73}},"71":{"start":{"line":280,"column":6},"end":{"line":280,"column":19}},"72":{"start":{"line":291,"column":4},"end":{"line":294,"column":5}},"73":{"start":{"line":292,"column":6},"end":{"line":292,"column":58}},"74":{"start":{"line":293,"column":6},"end":{"line":293,"column":19}},"75":{"start":{"line":296,"column":4},"end":{"line":298,"column":5}},"76":{"start":{"line":297,"column":6},"end":{"line":297,"column":71}},"77":{"start":{"line":300,"column":4},"end":{"line":300,"column":50}},"78":{"start":{"line":301,"column":4},"end":{"line":301,"column":16}},"79":{"start":{"line":311,"column":4},"end":{"line":314,"column":5}},"80":{"start":{"line":312,"column":6},"end":{"line":312,"column":61}},"81":{"start":{"line":313,"column":6},"end":{"line":313,"column":19}},"82":{"start":{"line":316,"column":4},"end":{"line":319,"column":5}},"83":{"start":{"line":317,"column":6},"end":{"line":317,"column":58}},"84":{"start":{"line":318,"column":6},"end":{"line":318,"column":19}},"85":{"start":{"line":321,"column":26},"end":{"line":321,"column":46}},"86":{"start":{"line":322,"column":4},"end":{"line":327,"column":5}},"87":{"start":{"line":323,"column":6},"end":{"line":326,"column":7}},"88":{"start":{"line":324,"column":8},"end":{"line":324,"column":77}},"89":{"start":{"line":325,"column":8},"end":{"line":325,"column":21}},"90":{"start":{"line":329,"column":4},"end":{"line":334,"column":6}},"91":{"start":{"line":336,"column":4},"end":{"line":336,"column":16}}},"fnMap":{"0":{"name":"(anonymous_0)","decl":{"start":{"line":19,"column":2},"end":{"line":19,"column":3}},"loc":{"start":{"line":19,"column":57},"end":{"line":31,"column":3}},"line":19},"1":{"name":"(anonymous_1)","decl":{"start":{"line":42,"column":2},"end":{"line":42,"column":3}},"loc":{"start":{"line":42,"column":20},"end":{"line":74,"column":3}},"line":42},"2":{"name":"(anonymous_2)","decl":{"start":{"line":81,"column":2},"end":{"line":81,"column":3}},"loc":{"start":{"line":81,"column":30},"end":{"line":119,"column":3}},"line":81},"3":{"name":"(anonymous_3)","decl":{"start":{"line":83,"column":15},"end":{"line":83,"column":16}},"loc":{"start":{"line":83,"column":25},"end":{"line":86,"column":7}},"line":83},"4":{"name":"(anonymous_4)","decl":{"start":{"line":88,"column":21},"end":{"line":88,"column":22}},"loc":{"start":{"line":88,"column":31},"end":{"line":91,"column":7}},"line":88},"5":{"name":"(anonymous_5)","decl":{"start":{"line":93,"column":22},"end":{"line":93,"column":23}},"loc":{"start":{"line":93,"column":32},"end":{"line":95,"column":7}},"line":93},"6":{"name":"(anonymous_6)","decl":{"start":{"line":97,"column":21},"end":{"line":97,"column":22}},"loc":{"start":{"line":97,"column":27},"end":{"line":99,"column":7}},"line":97},"7":{"name":"(anonymous_7)","decl":{"start":{"line":101,"column":22},"end":{"line":101,"column":23}},"loc":{"start":{"line":101,"column":28},"end":{"line":103,"column":7}},"line":101},"8":{"name":"(anonymous_8)","decl":{"start":{"line":105,"column":19},"end":{"line":105,"column":20}},"loc":{"start":{"line":105,"column":29},"end":{"line":107,"column":7}},"line":105},"9":{"name":"(anonymous_9)","decl":{"start":{"line":109,"column":24},"end":{"line":109,"column":25}},"loc":{"start":{"line":109,"column":41},"end":{"line":112,"column":7}},"line":109},"10":{"name":"(anonymous_10)","decl":{"start":{"line":114,"column":21},"end":{"line":114,"column":22}},"loc":{"start":{"line":114,"column":38},"end":{"line":117,"column":7}},"line":114},"11":{"name":"(anonymous_11)","decl":{"start":{"line":127,"column":2},"end":{"line":127,"column":3}},"loc":{"start":{"line":127,"column":39},"end":{"line":175,"column":3}},"line":127},"12":{"name":"(anonymous_12)","decl":{"start":{"line":182,"column":2},"end":{"line":182,"column":3}},"loc":{"start":{"line":182,"column":25},"end":{"line":188,"column":3}},"line":182},"13":{"name":"(anonymous_13)","decl":{"start":{"line":196,"column":2},"end":{"line":196,"column":3}},"loc":{"start":{"line":196,"column":44},"end":{"line":225,"column":3}},"line":196},"14":{"name":"(anonymous_14)","decl":{"start":{"line":233,"column":2},"end":{"line":233,"column":3}},"loc":{"start":{"line":233,"column":19},"end":{"line":237,"column":3}},"line":233},"15":{"name":"(anonymous_15)","decl":{"start":{"line":245,"column":2},"end":{"line":245,"column":3}},"loc":{"start":{"line":245,"column":20},"end":{"line":247,"column":3}},"line":245},"16":{"name":"(anonymous_16)","decl":{"start":{"line":255,"column":2},"end":{"line":255,"column":3}},"loc":{"start":{"line":255,"column":21},"end":{"line":259,"column":3}},"line":255},"17":{"name":"(anonymous_17)","decl":{"start":{"line":269,"column":2},"end":{"line":269,"column":3}},"loc":{"start":{"line":269,"column":44},"end":{"line":282,"column":3}},"line":269},"18":{"name":"(anonymous_18)","decl":{"start":{"line":290,"column":2},"end":{"line":290,"column":3}},"loc":{"start":{"line":290,"column":49},"end":{"line":302,"column":3}},"line":290},"19":{"name":"(anonymous_19)","decl":{"start":{"line":310,"column":2},"end":{"line":310,"column":3}},"loc":{"start":{"line":310,"column":47},"end":{"line":337,"column":3}},"line":310}},"branchMap":{"0":{"loc":{"start":{"line":19,"column":29},"end":{"line":19,"column":41}},"type":"default-arg","locations":[{"start":{"line":19,"column":39},"end":{"line":19,"column":41}}],"line":19},"1":{"loc":{"start":{"line":19,"column":43},"end":{"line":19,"column":55}},"type":"default-arg","locations":[{"start":{"line":19,"column":53},"end":{"line":19,"column":55}}],"line":19},"2":{"loc":{"start":{"line":28,"column":4},"end":{"line":30,"column":5}},"type":"if","locations":[{"start":{"line":28,"column":4},"end":{"line":30,"column":5}},{"start":{},"end":{}}],"line":28},"3":{"loc":{"start":{"line":85,"column":15},"end":{"line":85,"column":39}},"type":"binary-expr","locations":[{"start":{"line":85,"column":15},"end":{"line":85,"column":21}},{"start":{"line":85,"column":25},"end":{"line":85,"column":39}}],"line":85},"4":{"loc":{"start":{"line":90,"column":15},"end":{"line":90,"column":39}},"type":"binary-expr","locations":[{"start":{"line":90,"column":15},"end":{"line":90,"column":21}},{"start":{"line":90,"column":25},"end":{"line":90,"column":39}}],"line":90},"5":{"loc":{"start":{"line":111,"column":15},"end":{"line":111,"column":53}},"type":"binary-expr","locations":[{"start":{"line":111,"column":15},"end":{"line":111,"column":40}},{"start":{"line":111,"column":44},"end":{"line":111,"column":53}}],"line":111},"6":{"loc":{"start":{"line":116,"column":15},"end":{"line":116,"column":67}},"type":"binary-expr","locations":[{"start":{"line":116,"column":15},"end":{"line":116,"column":40}},{"start":{"line":116,"column":44},"end":{"line":116,"column":67}}],"line":116},"7":{"loc":{"start":{"line":127,"column":25},"end":{"line":127,"column":37}},"type":"default-arg","locations":[{"start":{"line":127,"column":35},"end":{"line":127,"column":37}}],"line":127},"8":{"loc":{"start":{"line":130,"column":4},"end":{"line":134,"column":5}},"type":"if","locations":[{"start":{"line":130,"column":4},"end":{"line":134,"column":5}},{"start":{},"end":{}}],"line":130},"9":{"loc":{"start":{"line":146,"column":18},"end":{"line":146,"column":44}},"type":"binary-expr","locations":[{"start":{"line":146,"column":18},"end":{"line":146,"column":33}},{"start":{"line":146,"column":37},"end":{"line":146,"column":44}}],"line":146},"10":{"loc":{"start":{"line":149,"column":4},"end":{"line":151,"column":5}},"type":"if","locations":[{"start":{"line":149,"column":4},"end":{"line":151,"column":5}},{"start":{},"end":{}}],"line":149},"11":{"loc":{"start":{"line":154,"column":4},"end":{"line":156,"column":5}},"type":"if","locations":[{"start":{"line":154,"column":4},"end":{"line":156,"column":5}},{"start":{},"end":{}}],"line":154},"12":{"loc":{"start":{"line":159,"column":4},"end":{"line":167,"column":5}},"type":"if","locations":[{"start":{"line":159,"column":4},"end":{"line":167,"column":5}},{"start":{},"end":{}}],"line":159},"13":{"loc":{"start":{"line":199,"column":6},"end":{"line":205,"column":7}},"type":"if","locations":[{"start":{"line":199,"column":6},"end":{"line":205,"column":7}},{"start":{},"end":{}}],"line":199},"14":{"loc":{"start":{"line":201,"column":8},"end":{"line":203,"column":9}},"type":"if","locations":[{"start":{"line":201,"column":8},"end":{"line":203,"column":9}},{"start":{},"end":{}}],"line":201},"15":{"loc":{"start":{"line":208,"column":6},"end":{"line":215,"column":7}},"type":"if","locations":[{"start":{"line":208,"column":6},"end":{"line":215,"column":7}},{"start":{},"end":{}}],"line":208},"16":{"loc":{"start":{"line":211,"column":8},"end":{"line":213,"column":9}},"type":"if","locations":[{"start":{"line":211,"column":8},"end":{"line":213,"column":9}},{"start":{},"end":{}}],"line":211},"17":{"loc":{"start":{"line":219,"column":6},"end":{"line":221,"column":7}},"type":"if","locations":[{"start":{"line":219,"column":6},"end":{"line":221,"column":7}},{"start":{},"end":{}}],"line":219},"18":{"loc":{"start":{"line":235,"column":21},"end":{"line":235,"column":59}},"type":"binary-expr","locations":[{"start":{"line":235,"column":21},"end":{"line":235,"column":54}},{"start":{"line":235,"column":58},"end":{"line":235,"column":59}}],"line":235},"19":{"loc":{"start":{"line":246,"column":11},"end":{"line":246,"column":77}},"type":"binary-expr","locations":[{"start":{"line":246,"column":11},"end":{"line":246,"column":35}},{"start":{"line":246,"column":39},"end":{"line":246,"column":56}},{"start":{"line":246,"column":60},"end":{"line":246,"column":77}}],"line":246},"20":{"loc":{"start":{"line":257,"column":21},"end":{"line":257,"column":61}},"type":"binary-expr","locations":[{"start":{"line":257,"column":21},"end":{"line":257,"column":56}},{"start":{"line":257,"column":60},"end":{"line":257,"column":61}}],"line":257},"21":{"loc":{"start":{"line":271,"column":4},"end":{"line":274,"column":5}},"type":"if","locations":[{"start":{"line":271,"column":4},"end":{"line":274,"column":5}},{"start":{},"end":{}}],"line":271},"22":{"loc":{"start":{"line":291,"column":4},"end":{"line":294,"column":5}},"type":"if","locations":[{"start":{"line":291,"column":4},"end":{"line":294,"column":5}},{"start":{},"end":{}}],"line":291},"23":{"loc":{"start":{"line":296,"column":4},"end":{"line":298,"column":5}},"type":"if","locations":[{"start":{"line":296,"column":4},"end":{"line":298,"column":5}},{"start":{},"end":{}}],"line":296},"24":{"loc":{"start":{"line":311,"column":4},"end":{"line":314,"column":5}},"type":"if","locations":[{"start":{"line":311,"column":4},"end":{"line":314,"column":5}},{"start":{},"end":{}}],"line":311},"25":{"loc":{"start":{"line":311,"column":8},"end":{"line":311,"column":51}},"type":"binary-expr","locations":[{"start":{"line":311,"column":8},"end":{"line":311,"column":18}},{"start":{"line":311,"column":22},"end":{"line":311,"column":51}}],"line":311},"26":{"loc":{"start":{"line":316,"column":4},"end":{"line":319,"column":5}},"type":"if","locations":[{"start":{"line":316,"column":4},"end":{"line":319,"column":5}},{"start":{},"end":{}}],"line":316},"27":{"loc":{"start":{"line":316,"column":8},"end":{"line":316,"column":49}},"type":"binary-expr","locations":[{"start":{"line":316,"column":8},"end":{"line":316,"column":17}},{"start":{"line":316,"column":21},"end":{"line":316,"column":49}}],"line":316},"28":{"loc":{"start":{"line":323,"column":6},"end":{"line":326,"column":7}},"type":"if","locations":[{"start":{"line":323,"column":6},"end":{"line":326,"column":7}},{"start":{},"end":{}}],"line":323},"29":{"loc":{"start":{"line":330,"column":12},"end":{"line":330,"column":76}},"type":"binary-expr","locations":[{"start":{"line":330,"column":12},"end":{"line":330,"column":25}},{"start":{"line":330,"column":29},"end":{"line":330,"column":76}}],"line":330},"30":{"loc":{"start":{"line":332,"column":15},"end":{"line":332,"column":37}},"type":"binary-expr","locations":[{"start":{"line":332,"column":15},"end":{"line":332,"column":31}},{"start":{"line":332,"column":35},"end":{"line":332,"column":37}}],"line":332}},"s":{"0":0,"1":0,"2":0,"3":0,"4":0,"5":0,"6":0,"7":0,"8":0,"9":0,"10":0,"11":0,"12":0,"13":0,"14":0,"15":0,"16":0,"17":0,"18":0,"19":0,"20":0,"21":0,"22":0,"23":0,"24":0,"25":0,"26":0,"27":0,"28":0,"29":0,"30":0,"31":0,"32":0,"33":0,"34":0,"35":0,"36":0,"37":0,"38":0,"39":0,"40":0,"41":0,"42":0,"43":0,"44":0,"45":0,"46":0,"47":0,"48":0,"49":0,"50":0,"51":0,"52":0,"53":0,"54":0,"55":0,"56":0,"57":0,"58":0,"59":0,"60":0,"61":0,"62":0,"63":0,"64":0,"65":0,"66":0,"67":0,"68":0,"69":0,"70":0,"71":0,"72":0,"73":0,"74":0,"75":0,"76":0,"77":0,"78":0,"79":0,"80":0,"81":0,"82":0,"83":0,"84":0,"85":0,"86":0,"87":0,"88":0,"89":0,"90":0,"91":0},"f":{"0":0,"1":0,"2":0,"3":0,"4":0,"5":0,"6":0,"7":0,"8":0,"9":0,"10":0,"11":0,"12":0,"13":0,"14":0,"15":0,"16":0,"17":0,"18":0,"19":0},"b":{"0":[0],"1":[0],"2":[0,0],"3":[0,0],"4":[0,0],"5":[0,0],"6":[0,0],"7":[0],"8":[0,0],"9":[0,0],"10":[0,0],"11":[0,0],"12":[0,0],"13":[0,0],"14":[0,0],"15":[0,0],"16":[0,0],"17":[0,0],"18":[0,0],"19":[0,0,0],"20":[0,0],"21":[0,0],"22":[0,0],"23":[0,0],"24":[0,0],"25":[0,0],"26":[0,0],"27":[0,0],"28":[0,0],"29":[0,0],"30":[0,0]}}
,"/Users/RazonaMAC/Desktop/Razona/PROGRAMING/node.js/werewolf-gm-lib/src/core/event/EventSystem.js": {"path":"/Users/RazonaMAC/Desktop/Razona/PROGRAMING/node.js/werewolf-gm-lib/src/core/event/EventSystem.js","statementMap":{"0":{"start":{"line":21,"column":4},"end":{"line":21,"column":31}},"1":{"start":{"line":28,"column":4},"end":{"line":28,"column":22}},"2":{"start":{"line":35,"column":4},"end":{"line":35,"column":56}},"3":{"start":{"line":42,"column":4},"end":{"line":42,"column":32}},"4":{"start":{"line":52,"column":4},"end":{"line":54,"column":5}},"5":{"start":{"line":53,"column":6},"end":{"line":53,"column":45}},"6":{"start":{"line":56,"column":4},"end":{"line":59,"column":5}},"7":{"start":{"line":57,"column":6},"end":{"line":57,"column":44}},"8":{"start":{"line":58,"column":6},"end":{"line":58,"column":18}},"9":{"start":{"line":61,"column":4},"end":{"line":63,"column":5}},"10":{"start":{"line":62,"column":6},"end":{"line":62,"column":40}},"11":{"start":{"line":64,"column":4},"end":{"line":64,"column":49}},"12":{"start":{"line":65,"column":4},"end":{"line":65,"column":16}},"13":{"start":{"line":75,"column":4},"end":{"line":77,"column":5}},"14":{"start":{"line":76,"column":6},"end":{"line":76,"column":45}},"15":{"start":{"line":79,"column":24},"end":{"line":82,"column":5}},"16":{"start":{"line":80,"column":6},"end":{"line":80,"column":39}},"17":{"start":{"line":81,"column":6},"end":{"line":81,"column":24}},"18":{"start":{"line":84,"column":4},"end":{"line":84,"column":43}},"19":{"start":{"line":94,"column":4},"end":{"line":104,"column":5}},"20":{"start":{"line":95,"column":6},"end":{"line":102,"column":7}},"21":{"start":{"line":96,"column":8},"end":{"line":96,"column":36}},"22":{"start":{"line":98,"column":22},"end":{"line":98,"column":62}},"23":{"start":{"line":99,"column":8},"end":{"line":101,"column":9}},"24":{"start":{"line":100,"column":10},"end":{"line":100,"column":50}},"25":{"start":{"line":103,"column":6},"end":{"line":103,"column":18}},"26":{"start":{"line":106,"column":4},"end":{"line":108,"column":5}},"27":{"start":{"line":107,"column":6},"end":{"line":107,"column":18}},"28":{"start":{"line":110,"column":4},"end":{"line":123,"column":5}},"29":{"start":{"line":112,"column":6},"end":{"line":112,"column":39}},"30":{"start":{"line":115,"column":24},"end":{"line":115,"column":53}},"31":{"start":{"line":116,"column":20},"end":{"line":116,"column":47}},"32":{"start":{"line":117,"column":6},"end":{"line":119,"column":7}},"33":{"start":{"line":118,"column":8},"end":{"line":118,"column":35}},"34":{"start":{"line":120,"column":6},"end":{"line":122,"column":7}},"35":{"start":{"line":121,"column":8},"end":{"line":121,"column":41}},"36":{"start":{"line":125,"column":4},"end":{"line":125,"column":16}},"37":{"start":{"line":136,"column":24},"end":{"line":140,"column":5}},"38":{"start":{"line":142,"column":4},"end":{"line":142,"column":35}},"39":{"start":{"line":145,"column":4},"end":{"line":147,"column":5}},"40":{"start":{"line":146,"column":6},"end":{"line":146,"column":27}},"41":{"start":{"line":150,"column":4},"end":{"line":156,"column":5}},"42":{"start":{"line":151,"column":6},"end":{"line":155,"column":7}},"43":{"start":{"line":152,"column":8},"end":{"line":152,"column":34}},"44":{"start":{"line":154,"column":8},"end":{"line":154,"column":89}},"45":{"start":{"line":159,"column":4},"end":{"line":161,"column":5}},"46":{"start":{"line":160,"column":6},"end":{"line":160,"column":18}},"47":{"start":{"line":164,"column":22},"end":{"line":164,"column":51}},"48":{"start":{"line":165,"column":4},"end":{"line":171,"column":5}},"49":{"start":{"line":166,"column":6},"end":{"line":170,"column":7}},"50":{"start":{"line":167,"column":8},"end":{"line":167,"column":23}},"51":{"start":{"line":169,"column":8},"end":{"line":169,"column":80}},"52":{"start":{"line":173,"column":4},"end":{"line":173,"column":16}},"53":{"start":{"line":182,"column":4},"end":{"line":182,"column":34}},"54":{"start":{"line":191,"column":4},"end":{"line":193,"column":5}},"55":{"start":{"line":192,"column":6},"end":{"line":192,"column":31}},"56":{"start":{"line":194,"column":4},"end":{"line":194,"column":67}},"57":{"start":{"line":194,"column":40},"end":{"line":194,"column":65}},"58":{"start":{"line":202,"column":4},"end":{"line":202,"column":22}},"59":{"start":{"line":203,"column":4},"end":{"line":203,"column":16}},"60":{"start":{"line":212,"column":4},"end":{"line":217,"column":5}},"61":{"start":{"line":213,"column":6},"end":{"line":215,"column":7}},"62":{"start":{"line":214,"column":8},"end":{"line":214,"column":45}},"63":{"start":{"line":216,"column":6},"end":{"line":216,"column":86}},"64":{"start":{"line":219,"column":16},"end":{"line":219,"column":45}},"65":{"start":{"line":220,"column":4},"end":{"line":222,"column":5}},"66":{"start":{"line":221,"column":6},"end":{"line":221,"column":32}},"67":{"start":{"line":223,"column":4},"end":{"line":223,"column":17}},"68":{"start":{"line":231,"column":4},"end":{"line":231,"column":45}}},"fnMap":{"0":{"name":"(anonymous_0)","decl":{"start":{"line":15,"column":2},"end":{"line":15,"column":3}},"loc":{"start":{"line":15,"column":28},"end":{"line":43,"column":3}},"line":15},"1":{"name":"(anonymous_1)","decl":{"start":{"line":51,"column":2},"end":{"line":51,"column":3}},"loc":{"start":{"line":51,"column":26},"end":{"line":66,"column":3}},"line":51},"2":{"name":"(anonymous_2)","decl":{"start":{"line":74,"column":2},"end":{"line":74,"column":3}},"loc":{"start":{"line":74,"column":28},"end":{"line":85,"column":3}},"line":74},"3":{"name":"(anonymous_3)","decl":{"start":{"line":79,"column":24},"end":{"line":79,"column":25}},"loc":{"start":{"line":79,"column":37},"end":{"line":82,"column":5}},"line":79},"4":{"name":"(anonymous_4)","decl":{"start":{"line":93,"column":2},"end":{"line":93,"column":3}},"loc":{"start":{"line":93,"column":27},"end":{"line":126,"column":3}},"line":93},"5":{"name":"(anonymous_5)","decl":{"start":{"line":134,"column":2},"end":{"line":134,"column":3}},"loc":{"start":{"line":134,"column":29},"end":{"line":174,"column":3}},"line":134},"6":{"name":"(anonymous_6)","decl":{"start":{"line":181,"column":2},"end":{"line":181,"column":3}},"loc":{"start":{"line":181,"column":18},"end":{"line":183,"column":3}},"line":181},"7":{"name":"(anonymous_7)","decl":{"start":{"line":190,"column":2},"end":{"line":190,"column":3}},"loc":{"start":{"line":190,"column":31},"end":{"line":195,"column":3}},"line":190},"8":{"name":"(anonymous_8)","decl":{"start":{"line":194,"column":31},"end":{"line":194,"column":32}},"loc":{"start":{"line":194,"column":40},"end":{"line":194,"column":65}},"line":194},"9":{"name":"(anonymous_9)","decl":{"start":{"line":201,"column":2},"end":{"line":201,"column":3}},"loc":{"start":{"line":201,"column":17},"end":{"line":204,"column":3}},"line":201},"10":{"name":"(anonymous_10)","decl":{"start":{"line":211,"column":2},"end":{"line":211,"column":3}},"loc":{"start":{"line":211,"column":27},"end":{"line":224,"column":3}},"line":211},"11":{"name":"(anonymous_11)","decl":{"start":{"line":230,"column":2},"end":{"line":230,"column":3}},"loc":{"start":{"line":230,"column":15},"end":{"line":232,"column":3}},"line":230}},"branchMap":{"0":{"loc":{"start":{"line":15,"column":14},"end":{"line":15,"column":26}},"type":"default-arg","locations":[{"start":{"line":15,"column":24},"end":{"line":15,"column":26}}],"line":15},"1":{"loc":{"start":{"line":35,"column":26},"end":{"line":35,"column":55}},"type":"binary-expr","locations":[{"start":{"line":35,"column":26},"end":{"line":35,"column":48}},{"start":{"line":35,"column":52},"end":{"line":35,"column":55}}],"line":35},"2":{"loc":{"start":{"line":52,"column":4},"end":{"line":54,"column":5}},"type":"if","locations":[{"start":{"line":52,"column":4},"end":{"line":54,"column":5}},{"start":{},"end":{}}],"line":52},"3":{"loc":{"start":{"line":56,"column":4},"end":{"line":59,"column":5}},"type":"if","locations":[{"start":{"line":56,"column":4},"end":{"line":59,"column":5}},{"start":{},"end":{}}],"line":56},"4":{"loc":{"start":{"line":61,"column":4},"end":{"line":63,"column":5}},"type":"if","locations":[{"start":{"line":61,"column":4},"end":{"line":63,"column":5}},{"start":{},"end":{}}],"line":61},"5":{"loc":{"start":{"line":75,"column":4},"end":{"line":77,"column":5}},"type":"if","locations":[{"start":{"line":75,"column":4},"end":{"line":77,"column":5}},{"start":{},"end":{}}],"line":75},"6":{"loc":{"start":{"line":94,"column":4},"end":{"line":104,"column":5}},"type":"if","locations":[{"start":{"line":94,"column":4},"end":{"line":104,"column":5}},{"start":{},"end":{}}],"line":94},"7":{"loc":{"start":{"line":95,"column":6},"end":{"line":102,"column":7}},"type":"if","locations":[{"start":{"line":95,"column":6},"end":{"line":102,"column":7}},{"start":{"line":97,"column":13},"end":{"line":102,"column":7}}],"line":95},"8":{"loc":{"start":{"line":99,"column":8},"end":{"line":101,"column":9}},"type":"if","locations":[{"start":{"line":99,"column":8},"end":{"line":101,"column":9}},{"start":{},"end":{}}],"line":99},"9":{"loc":{"start":{"line":106,"column":4},"end":{"line":108,"column":5}},"type":"if","locations":[{"start":{"line":106,"column":4},"end":{"line":108,"column":5}},{"start":{},"end":{}}],"line":106},"10":{"loc":{"start":{"line":110,"column":4},"end":{"line":123,"column":5}},"type":"if","locations":[{"start":{"line":110,"column":4},"end":{"line":123,"column":5}},{"start":{"line":113,"column":11},"end":{"line":123,"column":5}}],"line":110},"11":{"loc":{"start":{"line":117,"column":6},"end":{"line":119,"column":7}},"type":"if","locations":[{"start":{"line":117,"column":6},"end":{"line":119,"column":7}},{"start":{},"end":{}}],"line":117},"12":{"loc":{"start":{"line":120,"column":6},"end":{"line":122,"column":7}},"type":"if","locations":[{"start":{"line":120,"column":6},"end":{"line":122,"column":7}},{"start":{},"end":{}}],"line":120},"13":{"loc":{"start":{"line":134,"column":18},"end":{"line":134,"column":27}},"type":"default-arg","locations":[{"start":{"line":134,"column":25},"end":{"line":134,"column":27}}],"line":134},"14":{"loc":{"start":{"line":145,"column":4},"end":{"line":147,"column":5}},"type":"if","locations":[{"start":{"line":145,"column":4},"end":{"line":147,"column":5}},{"start":{},"end":{}}],"line":145},"15":{"loc":{"start":{"line":159,"column":4},"end":{"line":161,"column":5}},"type":"if","locations":[{"start":{"line":159,"column":4},"end":{"line":161,"column":5}},{"start":{},"end":{}}],"line":159},"16":{"loc":{"start":{"line":190,"column":13},"end":{"line":190,"column":29}},"type":"default-arg","locations":[{"start":{"line":190,"column":25},"end":{"line":190,"column":29}}],"line":190},"17":{"loc":{"start":{"line":191,"column":4},"end":{"line":193,"column":5}},"type":"if","locations":[{"start":{"line":191,"column":4},"end":{"line":193,"column":5}},{"start":{},"end":{}}],"line":191},"18":{"loc":{"start":{"line":212,"column":4},"end":{"line":217,"column":5}},"type":"if","locations":[{"start":{"line":212,"column":4},"end":{"line":217,"column":5}},{"start":{},"end":{}}],"line":212},"19":{"loc":{"start":{"line":213,"column":6},"end":{"line":215,"column":7}},"type":"if","locations":[{"start":{"line":213,"column":6},"end":{"line":215,"column":7}},{"start":{},"end":{}}],"line":213},"20":{"loc":{"start":{"line":216,"column":13},"end":{"line":216,"column":85}},"type":"cond-expr","locations":[{"start":{"line":216,"column":45},"end":{"line":216,"column":81}},{"start":{"line":216,"column":84},"end":{"line":216,"column":85}}],"line":216}},"s":{"0":0,"1":0,"2":0,"3":0,"4":0,"5":0,"6":0,"7":0,"8":0,"9":0,"10":0,"11":0,"12":0,"13":0,"14":0,"15":0,"16":0,"17":0,"18":0,"19":0,"20":0,"21":0,"22":0,"23":0,"24":0,"25":0,"26":0,"27":0,"28":0,"29":0,"30":0,"31":0,"32":0,"33":0,"34":0,"35":0,"36":0,"37":0,"38":0,"39":0,"40":0,"41":0,"42":0,"43":0,"44":0,"45":0,"46":0,"47":0,"48":0,"49":0,"50":0,"51":0,"52":0,"53":0,"54":0,"55":0,"56":0,"57":0,"58":0,"59":0,"60":0,"61":0,"62":0,"63":0,"64":0,"65":0,"66":0,"67":0,"68":0},"f":{"0":0,"1":0,"2":0,"3":0,"4":0,"5":0,"6":0,"7":0,"8":0,"9":0,"10":0,"11":0},"b":{"0":[0],"1":[0,0],"2":[0,0],"3":[0,0],"4":[0,0],"5":[0,0],"6":[0,0],"7":[0,0],"8":[0,0],"9":[0,0],"10":[0,0],"11":[0,0],"12":[0,0],"13":[0],"14":[0,0],"15":[0,0],"16":[0],"17":[0,0],"18":[0,0],"19":[0,0],"20":[0,0]}}
}
