TN:
SF:src/core/index.js
FNF:0
FNH:0
DA:30,0
LF:1
LH:0
BRF:0
BRH:0
end_of_record
TN:
SF:src/core/common/index.js
FN:97,generateId
FN:108,shuffle
FN:122,deepCopy
FN:128,(anonymous_3)
FN:144,getTimestamp
FN:153,createRandomGenerator
FN:156,(anonymous_6)
FN:169,mergeObjects
FN:176,(anonymous_8)
FNF:9
FNH:0
FNDA:0,generateId
FNDA:0,shuffle
FNDA:0,deepCopy
FNDA:0,(anonymous_3)
FNDA:0,getTimestamp
FNDA:0,createRandomGenerator
FNDA:0,(anonymous_6)
FNDA:0,mergeObjects
FNDA:0,(anonymous_8)
DA:10,0
DA:25,0
DA:50,0
DA:67,0
DA:80,0
DA:98,0
DA:109,0
DA:110,0
DA:111,0
DA:112,0
DA:114,0
DA:123,0
DA:124,0
DA:127,0
DA:128,0
DA:131,0
DA:132,0
DA:133,0
DA:134,0
DA:137,0
DA:145,0
DA:154,0
DA:156,0
DA:157,0
DA:158,0
DA:170,0
DA:172,0
DA:173,0
DA:176,0
DA:177,0
DA:180,0
DA:182,0
DA:186,0
LF:33
LH:0
BRDA:108,0,0,0
BRDA:123,1,0,0
BRDA:123,1,1,0
BRDA:123,2,0,0
BRDA:123,2,1,0
BRDA:127,3,0,0
BRDA:127,3,1,0
BRDA:133,4,0,0
BRDA:133,4,1,0
BRDA:154,5,0,0
BRDA:154,5,1,0
BRDA:169,6,0,0
BRDA:172,7,0,0
BRDA:172,7,1,0
BRDA:177,8,0,0
BRDA:177,8,1,0
BRDA:177,9,0,0
BRDA:177,9,1,0
BRDA:177,9,2,0
BRDA:177,9,3,0
BRDA:177,9,4,0
BRDA:177,9,5,0
BRDA:177,9,6,0
BRF:23
BRH:0
end_of_record
TN:
SF:src/core/error/ErrorCatalog.js
FNF:0
FNH:0
DA:12,0
LF:1
LH:0
BRF:0
BRH:0
end_of_record
TN:
SF:src/core/error/ErrorHandler.js
FN:19,(anonymous_0)
FN:42,(anonymous_1)
FN:81,(anonymous_2)
FN:83,(anonymous_3)
FN:88,(anonymous_4)
FN:93,(anonymous_5)
FN:97,(anonymous_6)
FN:101,(anonymous_7)
FN:105,(anonymous_8)
FN:109,(anonymous_9)
FN:114,(anonymous_10)
FN:127,(anonymous_11)
FN:182,(anonymous_12)
FN:196,(anonymous_13)
FN:233,(anonymous_14)
FN:245,(anonymous_15)
FN:255,(anonymous_16)
FN:269,(anonymous_17)
FN:290,(anonymous_18)
FN:310,(anonymous_19)
FNF:20
FNH:0
FNDA:0,(anonymous_0)
FNDA:0,(anonymous_1)
FNDA:0,(anonymous_2)
FNDA:0,(anonymous_3)
FNDA:0,(anonymous_4)
FNDA:0,(anonymous_5)
FNDA:0,(anonymous_6)
FNDA:0,(anonymous_7)
FNDA:0,(anonymous_8)
FNDA:0,(anonymous_9)
FNDA:0,(anonymous_10)
FNDA:0,(anonymous_11)
FNDA:0,(anonymous_12)
FNDA:0,(anonymous_13)
FNDA:0,(anonymous_14)
FNDA:0,(anonymous_15)
FNDA:0,(anonymous_16)
FNDA:0,(anonymous_17)
FNDA:0,(anonymous_18)
FNDA:0,(anonymous_19)
DA:20,0
DA:21,0
DA:22,0
DA:23,0
DA:24,0
DA:25,0
DA:28,0
DA:29,0
DA:48,0
DA:55,0
DA:62,0
DA:73,0
DA:82,0
DA:84,0
DA:85,0
DA:89,0
DA:90,0
DA:94,0
DA:98,0
DA:102,0
DA:106,0
DA:110,0
DA:111,0
DA:115,0
DA:116,0
DA:129,0
DA:130,0
DA:132,0
DA:133,0
DA:137,0
DA:146,0
DA:149,0
DA:150,0
DA:154,0
DA:155,0
DA:159,0
DA:160,0
DA:166,0
DA:170,0
DA:183,0
DA:187,0
DA:197,0
DA:199,0
DA:200,0
DA:201,0
DA:202,0
DA:204,0
DA:208,0
DA:209,0
DA:210,0
DA:211,0
DA:212,0
DA:214,0
DA:218,0
DA:219,0
DA:220,0
DA:224,0
DA:234,0
DA:235,0
DA:236,0
DA:246,0
DA:256,0
DA:257,0
DA:258,0
DA:270,0
DA:271,0
DA:272,0
DA:273,0
DA:276,0
DA:277,0
DA:279,0
DA:280,0
DA:291,0
DA:292,0
DA:293,0
DA:296,0
DA:297,0
DA:300,0
DA:301,0
DA:311,0
DA:312,0
DA:313,0
DA:316,0
DA:317,0
DA:318,0
DA:321,0
DA:322,0
DA:323,0
DA:324,0
DA:325,0
DA:329,0
DA:336,0
LF:92
LH:0
BRDA:19,0,0,0
BRDA:19,1,0,0
BRDA:28,2,0,0
BRDA:28,2,1,0
BRDA:85,3,0,0
BRDA:85,3,1,0
BRDA:90,4,0,0
BRDA:90,4,1,0
BRDA:111,5,0,0
BRDA:111,5,1,0
BRDA:116,6,0,0
BRDA:116,6,1,0
BRDA:127,7,0,0
BRDA:130,8,0,0
BRDA:130,8,1,0
BRDA:146,9,0,0
BRDA:146,9,1,0
BRDA:149,10,0,0
BRDA:149,10,1,0
BRDA:154,11,0,0
BRDA:154,11,1,0
BRDA:159,12,0,0
BRDA:159,12,1,0
BRDA:199,13,0,0
BRDA:199,13,1,0
BRDA:201,14,0,0
BRDA:201,14,1,0
BRDA:208,15,0,0
BRDA:208,15,1,0
BRDA:211,16,0,0
BRDA:211,16,1,0
BRDA:219,17,0,0
BRDA:219,17,1,0
BRDA:235,18,0,0
BRDA:235,18,1,0
BRDA:246,19,0,0
BRDA:246,19,1,0
BRDA:246,19,2,0
BRDA:257,20,0,0
BRDA:257,20,1,0
BRDA:271,21,0,0
BRDA:271,21,1,0
BRDA:291,22,0,0
BRDA:291,22,1,0
BRDA:296,23,0,0
BRDA:296,23,1,0
BRDA:311,24,0,0
BRDA:311,24,1,0
BRDA:311,25,0,0
BRDA:311,25,1,0
BRDA:316,26,0,0
BRDA:316,26,1,0
BRDA:316,27,0,0
BRDA:316,27,1,0
BRDA:323,28,0,0
BRDA:323,28,1,0
BRDA:330,29,0,0
BRDA:330,29,1,0
BRDA:332,30,0,0
BRDA:332,30,1,0
BRF:60
BRH:0
end_of_record
TN:
SF:src/core/event/EventSystem.js
FN:15,(anonymous_0)
FN:51,(anonymous_1)
FN:74,(anonymous_2)
FN:79,(anonymous_3)
FN:93,(anonymous_4)
FN:134,(anonymous_5)
FN:181,(anonymous_6)
FN:190,(anonymous_7)
FN:194,(anonymous_8)
FN:201,(anonymous_9)
FN:211,(anonymous_10)
FN:230,(anonymous_11)
FNF:12
FNH:0
FNDA:0,(anonymous_0)
FNDA:0,(anonymous_1)
FNDA:0,(anonymous_2)
FNDA:0,(anonymous_3)
FNDA:0,(anonymous_4)
FNDA:0,(anonymous_5)
FNDA:0,(anonymous_6)
FNDA:0,(anonymous_7)
FNDA:0,(anonymous_8)
FNDA:0,(anonymous_9)
FNDA:0,(anonymous_10)
FNDA:0,(anonymous_11)
DA:21,0
DA:28,0
DA:35,0
DA:42,0
DA:52,0
DA:53,0
DA:56,0
DA:57,0
DA:58,0
DA:61,0
DA:62,0
DA:64,0
DA:65,0
DA:75,0
DA:76,0
DA:79,0
DA:80,0
DA:81,0
DA:84,0
DA:94,0
DA:95,0
DA:96,0
DA:98,0
DA:99,0
DA:100,0
DA:103,0
DA:106,0
DA:107,0
DA:110,0
DA:112,0
DA:115,0
DA:116,0
DA:117,0
DA:118,0
DA:120,0
DA:121,0
DA:125,0
DA:136,0
DA:142,0
DA:145,0
DA:146,0
DA:150,0
DA:151,0
DA:152,0
DA:154,0
DA:159,0
DA:160,0
DA:164,0
DA:165,0
DA:166,0
DA:167,0
DA:169,0
DA:173,0
DA:182,0
DA:191,0
DA:192,0
DA:194,0
DA:202,0
DA:203,0
DA:212,0
DA:213,0
DA:214,0
DA:216,0
DA:219,0
DA:220,0
DA:221,0
DA:223,0
DA:231,0
LF:68
LH:0
BRDA:15,0,0,0
BRDA:35,1,0,0
BRDA:35,1,1,0
BRDA:52,2,0,0
BRDA:52,2,1,0
BRDA:56,3,0,0
BRDA:56,3,1,0
BRDA:61,4,0,0
BRDA:61,4,1,0
BRDA:75,5,0,0
BRDA:75,5,1,0
BRDA:94,6,0,0
BRDA:94,6,1,0
BRDA:95,7,0,0
BRDA:95,7,1,0
BRDA:99,8,0,0
BRDA:99,8,1,0
BRDA:106,9,0,0
BRDA:106,9,1,0
BRDA:110,10,0,0
BRDA:110,10,1,0
BRDA:117,11,0,0
BRDA:117,11,1,0
BRDA:120,12,0,0
BRDA:120,12,1,0
BRDA:134,13,0,0
BRDA:145,14,0,0
BRDA:145,14,1,0
BRDA:159,15,0,0
BRDA:159,15,1,0
BRDA:190,16,0,0
BRDA:191,17,0,0
BRDA:191,17,1,0
BRDA:212,18,0,0
BRDA:212,18,1,0
BRDA:213,19,0,0
BRDA:213,19,1,0
BRDA:216,20,0,0
BRDA:216,20,1,0
BRF:39
BRH:0
end_of_record
