TN:
SF:src/core/EventSystem.js
FN:15,(anonymous_0)
FN:51,(anonymous_1)
FN:74,(anonymous_2)
FN:79,(anonymous_3)
FN:93,(anonymous_4)
FN:134,(anonymous_5)
FN:181,(anonymous_6)
FN:190,(anonymous_7)
FN:194,(anonymous_8)
FN:201,(anonymous_9)
FN:211,(anonymous_10)
FN:230,(anonymous_11)
FNF:12
FNH:0
FNDA:0,(anonymous_0)
FNDA:0,(anonymous_1)
FNDA:0,(anonymous_2)
FNDA:0,(anonymous_3)
FNDA:0,(anonymous_4)
FNDA:0,(anonymous_5)
FNDA:0,(anonymous_6)
FNDA:0,(anonymous_7)
FNDA:0,(anonymous_8)
FNDA:0,(anonymous_9)
FNDA:0,(anonymous_10)
FNDA:0,(anonymous_11)
DA:21,0
DA:28,0
DA:35,0
DA:42,0
DA:52,0
DA:53,0
DA:56,0
DA:57,0
DA:58,0
DA:61,0
DA:62,0
DA:64,0
DA:65,0
DA:75,0
DA:76,0
DA:79,0
DA:80,0
DA:81,0
DA:84,0
DA:94,0
DA:95,0
DA:96,0
DA:98,0
DA:99,0
DA:100,0
DA:103,0
DA:106,0
DA:107,0
DA:110,0
DA:112,0
DA:115,0
DA:116,0
DA:117,0
DA:118,0
DA:120,0
DA:121,0
DA:125,0
DA:136,0
DA:142,0
DA:145,0
DA:146,0
DA:150,0
DA:151,0
DA:152,0
DA:154,0
DA:159,0
DA:160,0
DA:164,0
DA:165,0
DA:166,0
DA:167,0
DA:169,0
DA:173,0
DA:182,0
DA:191,0
DA:192,0
DA:194,0
DA:202,0
DA:203,0
DA:212,0
DA:213,0
DA:214,0
DA:216,0
DA:219,0
DA:220,0
DA:221,0
DA:223,0
DA:231,0
LF:68
LH:0
BRDA:15,0,0,0
BRDA:35,1,0,0
BRDA:35,1,1,0
BRDA:52,2,0,0
BRDA:52,2,1,0
BRDA:56,3,0,0
BRDA:56,3,1,0
BRDA:61,4,0,0
BRDA:61,4,1,0
BRDA:75,5,0,0
BRDA:75,5,1,0
BRDA:94,6,0,0
BRDA:94,6,1,0
BRDA:95,7,0,0
BRDA:95,7,1,0
BRDA:99,8,0,0
BRDA:99,8,1,0
BRDA:106,9,0,0
BRDA:106,9,1,0
BRDA:110,10,0,0
BRDA:110,10,1,0
BRDA:117,11,0,0
BRDA:117,11,1,0
BRDA:120,12,0,0
BRDA:120,12,1,0
BRDA:134,13,0,0
BRDA:145,14,0,0
BRDA:145,14,1,0
BRDA:159,15,0,0
BRDA:159,15,1,0
BRDA:190,16,0,0
BRDA:191,17,0,0
BRDA:191,17,1,0
BRDA:212,18,0,0
BRDA:212,18,1,0
BRDA:213,19,0,0
BRDA:213,19,1,0
BRDA:216,20,0,0
BRDA:216,20,1,0
BRF:39
BRH:0
end_of_record
TN:
SF:src/core/index.js
FNF:0
FNH:0
DA:30,0
LF:1
LH:0
BRF:0
BRH:0
end_of_record
TN:
SF:src/core/common/index.js
FN:97,generateId
FN:108,shuffle
FN:122,deepCopy
FN:128,(anonymous_3)
FN:144,getTimestamp
FN:153,createRandomGenerator
FN:156,(anonymous_6)
FN:169,mergeObjects
FN:176,(anonymous_8)
FNF:9
FNH:9
FNDA:2,generateId
FNDA:3,shuffle
FNDA:25,deepCopy
FNDA:9,(anonymous_3)
FNDA:1,getTimestamp
FNDA:3,createRandomGenerator
FNDA:106,(anonymous_6)
FNDA:5,mergeObjects
FNDA:8,(anonymous_8)
DA:10,1
DA:25,1
DA:50,1
DA:67,1
DA:80,1
DA:98,2
DA:109,3
DA:110,3
DA:111,107
DA:112,107
DA:114,3
DA:123,25
DA:124,17
DA:127,8
DA:128,9
DA:131,5
DA:132,5
DA:133,8
DA:134,8
DA:137,5
DA:145,1
DA:154,3
DA:156,3
DA:157,106
DA:158,106
DA:170,5
DA:172,5
DA:173,1
DA:176,4
DA:177,8
DA:180,1
DA:182,7
DA:186,4
LF:33
LH:33
BRDA:108,0,0,2
BRDA:123,1,0,17
BRDA:123,1,1,8
BRDA:123,2,0,25
BRDA:123,2,1,24
BRDA:127,3,0,3
BRDA:127,3,1,5
BRDA:133,4,0,8
BRDA:133,4,1,0
BRDA:154,5,0,3
BRDA:154,5,1,1
BRDA:169,6,0,3
BRDA:172,7,0,1
BRDA:172,7,1,4
BRDA:177,8,0,1
BRDA:177,8,1,7
BRDA:177,9,0,8
BRDA:177,9,1,4
BRDA:177,9,2,1
BRDA:177,9,3,1
BRDA:177,9,4,1
BRDA:177,9,5,1
BRDA:177,9,6,1
BRF:23
BRH:22
end_of_record
TN:
SF:src/core/error/ErrorCatalog.js
FNF:0
FNH:0
DA:12,1
LF:1
LH:1
BRF:0
BRH:0
end_of_record
TN:
SF:src/core/error/ErrorHandler.js
FN:19,(anonymous_0)
FN:42,(anonymous_1)
FN:81,(anonymous_2)
FN:83,(anonymous_3)
FN:88,(anonymous_4)
FN:93,(anonymous_5)
FN:97,(anonymous_6)
FN:101,(anonymous_7)
FN:105,(anonymous_8)
FN:109,(anonymous_9)
FN:114,(anonymous_10)
FN:127,(anonymous_11)
FN:182,(anonymous_12)
FN:196,(anonymous_13)
FN:233,(anonymous_14)
FN:245,(anonymous_15)
FN:255,(anonymous_16)
FN:269,(anonymous_17)
FN:290,(anonymous_18)
FN:310,(anonymous_19)
FNF:20
FNH:14
FNDA:5,(anonymous_0)
FNDA:17,(anonymous_1)
FNDA:17,(anonymous_2)
FNDA:3,(anonymous_3)
FNDA:1,(anonymous_4)
FNDA:0,(anonymous_5)
FNDA:0,(anonymous_6)
FNDA:0,(anonymous_7)
FNDA:0,(anonymous_8)
FNDA:0,(anonymous_9)
FNDA:0,(anonymous_10)
FNDA:8,(anonymous_11)
FNDA:4,(anonymous_12)
FNDA:6,(anonymous_13)
FNDA:7,(anonymous_14)
FNDA:7,(anonymous_15)
FNDA:7,(anonymous_16)
FNDA:8,(anonymous_17)
FNDA:5,(anonymous_18)
FNDA:3,(anonymous_19)
DA:20,5
DA:21,5
DA:22,5
DA:23,5
DA:24,5
DA:25,5
DA:28,5
DA:29,5
DA:48,17
DA:55,17
DA:62,17
DA:73,17
DA:82,17
DA:84,3
DA:85,3
DA:89,1
DA:90,1
DA:94,0
DA:98,0
DA:102,0
DA:106,0
DA:110,0
DA:111,0
DA:115,0
DA:116,0
DA:129,8
DA:130,8
DA:132,1
DA:133,1
DA:137,7
DA:146,7
DA:149,7
DA:150,7
DA:154,7
DA:155,7
DA:159,7
DA:160,4
DA:166,4
DA:170,3
DA:183,4
DA:187,4
DA:197,6
DA:199,7
DA:200,0
DA:201,0
DA:202,0
DA:204,0
DA:208,7
DA:209,2
DA:210,2
DA:211,2
DA:212,1
DA:214,1
DA:218,5
DA:219,5
DA:220,2
DA:224,3
DA:234,7
DA:235,7
DA:236,7
DA:246,7
DA:256,7
DA:257,7
DA:258,7
DA:270,8
DA:271,8
DA:272,1
DA:273,1
DA:276,7
DA:277,7
DA:279,0
DA:280,0
DA:291,5
DA:292,1
DA:293,1
DA:296,4
DA:297,2
DA:300,4
DA:301,4
DA:311,3
DA:312,1
DA:313,1
DA:316,2
DA:317,0
DA:318,0
DA:321,2
DA:322,2
DA:323,4
DA:324,1
DA:325,1
DA:329,1
DA:336,1
LF:92
LH:76
BRDA:19,0,0,0
BRDA:19,1,0,0
BRDA:28,2,0,5
BRDA:28,2,1,0
BRDA:85,3,0,3
BRDA:85,3,1,2
BRDA:90,4,0,1
BRDA:90,4,1,1
BRDA:111,5,0,0
BRDA:111,5,1,0
BRDA:116,6,0,0
BRDA:116,6,1,0
BRDA:127,7,0,4
BRDA:130,8,0,1
BRDA:130,8,1,7
BRDA:146,9,0,7
BRDA:146,9,1,0
BRDA:149,10,0,7
BRDA:149,10,1,0
BRDA:154,11,0,7
BRDA:154,11,1,0
BRDA:159,12,0,4
BRDA:159,12,1,3
BRDA:199,13,0,0
BRDA:199,13,1,7
BRDA:201,14,0,0
BRDA:201,14,1,0
BRDA:208,15,0,2
BRDA:208,15,1,5
BRDA:211,16,0,1
BRDA:211,16,1,1
BRDA:219,17,0,2
BRDA:219,17,1,3
BRDA:235,18,0,7
BRDA:235,18,1,0
BRDA:246,19,0,7
BRDA:246,19,1,0
BRDA:246,19,2,0
BRDA:257,20,0,7
BRDA:257,20,1,0
BRDA:271,21,0,1
BRDA:271,21,1,7
BRDA:291,22,0,1
BRDA:291,22,1,4
BRDA:296,23,0,2
BRDA:296,23,1,2
BRDA:311,24,0,1
BRDA:311,24,1,2
BRDA:311,25,0,3
BRDA:311,25,1,2
BRDA:316,26,0,0
BRDA:316,26,1,2
BRDA:316,27,0,2
BRDA:316,27,1,2
BRDA:323,28,0,1
BRDA:323,28,1,3
BRDA:330,29,0,1
BRDA:330,29,1,1
BRDA:332,30,0,1
BRDA:332,30,1,0
BRF:60
BRH:41
end_of_record
